0 info it worked if it ends with ok
1 verbose cli [ '/Users/anthonynichols/.nvm/versions/node/v6.8.0/bin/node',
1 verbose cli   '/Users/anthonynichols/.nvm/versions/node/v6.8.0/bin/npm',
1 verbose cli   'run',
1 verbose cli   'node-sass',
1 verbose cli   '--',
1 verbose cli   '-h' ]
2 info using npm@3.10.8
3 info using node@v6.8.0
4 verbose run-script [ 'prenode-sass', 'node-sass', 'postnode-sass' ]
5 info lifecycle component-styles@1.0.0~prenode-sass: component-styles@1.0.0
6 silly lifecycle component-styles@1.0.0~prenode-sass: no script for prenode-sass, continuing
7 info lifecycle component-styles@1.0.0~node-sass: component-styles@1.0.0
8 verbose lifecycle component-styles@1.0.0~node-sass: unsafe-perm in lifecycle true
9 verbose lifecycle component-styles@1.0.0~node-sass: PATH: /Users/anthonynichols/.nvm/versions/node/v6.8.0/lib/node_modules/npm/bin/node-gyp-bin:/Users/anthonynichols/code/component-styles/node_modules/.bin:/Users/anthonynichols/.rvm/gems/ruby-2.4.0-preview1/bin:/Users/anthonynichols/.rvm/gems/ruby-2.4.0-preview1@global/bin:/Users/anthonynichols/.rvm/rubies/ruby-2.4.0-preview1/bin:/Users/anthonynichols/.nvm/versions/node/v6.8.0/bin:/usr/local/bin:/usr/bin:/bin:/usr/local/sbin:/usr/sbin:/sbin:/Users/anthonynichols/.rvm/bin
10 verbose lifecycle component-styles@1.0.0~node-sass: CWD: /Users/anthonynichols/code/component-styles
11 silly lifecycle component-styles@1.0.0~node-sass: Args: [ '-c', 'node-sass "-h"' ]
12 silly lifecycle component-styles@1.0.0~node-sass: Returned: code: 1  signal: null
13 info lifecycle component-styles@1.0.0~node-sass: Failed to exec node-sass script
14 verbose stack Error: component-styles@1.0.0 node-sass: `node-sass "-h"`
14 verbose stack Exit status 1
14 verbose stack     at EventEmitter.<anonymous> (/Users/anthonynichols/.nvm/versions/node/v6.8.0/lib/node_modules/npm/lib/utils/lifecycle.js:255:16)
14 verbose stack     at emitTwo (events.js:106:13)
14 verbose stack     at EventEmitter.emit (events.js:191:7)
14 verbose stack     at ChildProcess.<anonymous> (/Users/anthonynichols/.nvm/versions/node/v6.8.0/lib/node_modules/npm/lib/utils/spawn.js:40:14)
14 verbose stack     at emitTwo (events.js:106:13)
14 verbose stack     at ChildProcess.emit (events.js:191:7)
14 verbose stack     at maybeClose (internal/child_process.js:877:16)
14 verbose stack     at Process.ChildProcess._handle.onexit (internal/child_process.js:226:5)
15 verbose pkgid component-styles@1.0.0
16 verbose cwd /Users/anthonynichols/code/component-styles
17 error Darwin 16.0.0
18 error argv "/Users/anthonynichols/.nvm/versions/node/v6.8.0/bin/node" "/Users/anthonynichols/.nvm/versions/node/v6.8.0/bin/npm" "run" "node-sass" "--" "-h"
19 error node v6.8.0
20 error npm  v3.10.8
21 error code ELIFECYCLE
22 error component-styles@1.0.0 node-sass: `node-sass "-h"`
22 error Exit status 1
23 error Failed at the component-styles@1.0.0 node-sass script 'node-sass "-h"'.
23 error Make sure you have the latest version of node.js and npm installed.
23 error If you do, this is most likely a problem with the component-styles package,
23 error not with npm itself.
23 error Tell the author that this fails on your system:
23 error     node-sass "-h"
23 error You can get information on how to open an issue for this project with:
23 error     npm bugs component-styles
23 error Or if that isn't available, you can get their info via:
23 error     npm owner ls component-styles
23 error There is likely additional logging output above.
24 verbose exit [ 1, true ]
